# JRE version: OpenJDK Runtime Environment (8.0_76-b03) (build 1.8.0_76-release-b03)
# Java VM: OpenJDK 64-Bit Server VM (25.76-b03 mixed mode windows-amd64 compressed oops)
Heap:
 PSYoungGen      total 305152K, used 196536K [0x00000000e0000000, 0x0000000100000000, 0x0000000100000000)
  eden space 187392K, 100% used [0x00000000e0000000,0x00000000eb700000,0x00000000eb700000)
  from space 117760K, 7% used [0x00000000f8d00000,0x00000000f95ee1b0,0x0000000100000000)
  to   space 168448K, 30% used [0x00000000eb700000,0x00000000ee9ed720,0x00000000f5b80000)
 ParOldGen       total 563200K, used 356152K [0x00000000a0000000, 0x00000000c2600000, 0x00000000e0000000)
  object space 563200K, 63% used [0x00000000a0000000,0x00000000b5bce1b0,0x00000000c2600000)
 Metaspace       used 77696K, capacity 81012K, committed 81200K, reserved 1120256K
  class space    used 9846K, capacity 10518K, committed 10544K, reserved 1048576K
GC Heap History (10 events):
Event: 4166.433 GC heap after
Heap after GC invocations=44 (full 8):
 PSYoungGen      total 441856K, used 0K [0x00000000e0000000, 0x0000000100000000, 0x0000000100000000)
  eden space 382464K, 0% used [0x00000000e0000000,0x00000000e0000000,0x00000000f7580000)
  from space 59392K, 0% used [0x00000000f7580000,0x00000000f7580000,0x00000000faf80000)
  to   space 77312K, 0% used [0x00000000fb480000,0x00000000fb480000,0x0000000100000000)
 ParOldGen       total 353280K, used 196019K [0x00000000a0000000, 0x00000000b5900000, 0x00000000e0000000)
  object space 353280K, 55% used [0x00000000a0000000,0x00000000abf6cc40,0x00000000b5900000)
 Metaspace       used 77672K, capacity 81012K, committed 81200K, reserved 1120256K
  class space    used 9846K, capacity 10518K, committed 10544K, reserved 1048576K
}
Event: 4167.869 GC heap before
{Heap before GC invocations=45 (full 8):
 PSYoungGen      total 441856K, used 382464K [0x00000000e0000000, 0x0000000100000000, 0x0000000100000000)
  eden space 382464K, 100% used [0x00000000e0000000,0x00000000f7580000,0x00000000f7580000)
  from space 59392K, 0% used [0x00000000f7580000,0x00000000f7580000,0x00000000faf80000)
  to   space 77312K, 0% used [0x00000000fb480000,0x00000000fb480000,0x0000000100000000)
 ParOldGen       total 353280K, used 196019K [0x00000000a0000000, 0x00000000b5900000, 0x00000000e0000000)
  object space 353280K, 55% used [0x00000000a0000000,0x00000000abf6cc40,0x00000000b5900000)
 Metaspace       used 77677K, capacity 81012K, committed 81200K, reserved 1120256K
  class space    used 9846K, capacity 10518K, committed 10544K, reserved 1048576K
Event: 4168.040 GC heap after
Heap after GC invocations=45 (full 8):
 PSYoungGen      total 366080K, used 77300K [0x00000000e0000000, 0x0000000100000000, 0x0000000100000000)
  eden space 288768K, 0% used [0x00000000e0000000,0x00000000e0000000,0x00000000f1a00000)
  from space 77312K, 99% used [0x00000000fb480000,0x00000000ffffd2b0,0x0000000100000000)
  to   space 117760K, 0% used [0x00000000f1a00000,0x00000000f1a00000,0x00000000f8d00000)
 ParOldGen       total 353280K, used 271310K [0x00000000a0000000, 0x00000000b5900000, 0x00000000e0000000)
  object space 353280K, 76% used [0x00000000a0000000,0x00000000b08f3910,0x00000000b5900000)
 Metaspace       used 77677K, capacity 81012K, committed 81200K, reserved 1120256K
  class space    used 9846K, capacity 10518K, committed 10544K, reserved 1048576K
}
Event: 4168.809 GC heap before
{Heap before GC invocations=46 (full 8):
 PSYoungGen      total 366080K, used 366068K [0x00000000e0000000, 0x0000000100000000, 0x0000000100000000)
  eden space 288768K, 100% used [0x00000000e0000000,0x00000000f1a00000,0x00000000f1a00000)
  from space 77312K, 99% used [0x00000000fb480000,0x00000000ffffd2b0,0x0000000100000000)
  to   space 117760K, 0% used [0x00000000f1a00000,0x00000000f1a00000,0x00000000f8d00000)
 ParOldGen       total 353280K, used 271310K [0x00000000a0000000, 0x00000000b5900000, 0x00000000e0000000)
  object space 353280K, 76% used [0x00000000a0000000,0x00000000b08f3910,0x00000000b5900000)
 Metaspace       used 77691K, capacity 81012K, committed 81200K, reserved 1120256K
  class space    used 9846K, capacity 10518K, committed 10544K, reserved 1048576K
Event: 4169.027 GC heap after
Heap after GC invocations=46 (full 8):
 PSYoungGen      total 406528K, used 117737K [0x00000000e0000000, 0x0000000100000000, 0x0000000100000000)
  eden space 288768K, 0% used [0x00000000e0000000,0x00000000e0000000,0x00000000f1a00000)
  from space 117760K, 99% used [0x00000000f1a00000,0x00000000f8cfa428,0x00000000f8d00000)
  to   space 117760K, 0% used [0x00000000f8d00000,0x00000000f8d00000,0x0000000100000000)
 ParOldGen       total 353280K, used 290256K [0x00000000a0000000, 0x00000000b5900000, 0x00000000e0000000)
  object space 353280K, 82% used [0x00000000a0000000,0x00000000b1b74188,0x00000000b5900000)
 Metaspace       used 77691K, capacity 81012K, committed 81200K, reserved 1120256K
  class space    used 9846K, capacity 10518K, committed 10544K, reserved 1048576K
}
Event: 4170.081 GC heap before
{Heap before GC invocations=47 (full 8):
 PSYoungGen      total 406528K, used 406505K [0x00000000e0000000, 0x0000000100000000, 0x0000000100000000)
  eden space 288768K, 100% used [0x00000000e0000000,0x00000000f1a00000,0x00000000f1a00000)
  from space 117760K, 99% used [0x00000000f1a00000,0x00000000f8cfa428,0x00000000f8d00000)
  to   space 117760K, 0% used [0x00000000f8d00000,0x00000000f8d00000,0x0000000100000000)
 ParOldGen       total 353280K, used 290256K [0x00000000a0000000, 0x00000000b5900000, 0x00000000e0000000)
  object space 353280K, 82% used [0x00000000a0000000,0x00000000b1b74188,0x00000000b5900000)
 Metaspace       used 77694K, capacity 81012K, committed 81200K, reserved 1120256K
  class space    used 9846K, capacity 10518K, committed 10544K, reserved 1048576K
Event: 4170.327 GC heap after
Heap after GC invocations=47 (full 8):
 PSYoungGen      total 305152K, used 117750K [0x00000000e0000000, 0x0000000100000000, 0x0000000100000000)
  eden space 187392K, 0% used [0x00000000e0000000,0x00000000e0000000,0x00000000eb700000)
  from space 117760K, 99% used [0x00000000f8d00000,0x00000000ffffd8f0,0x0000000100000000)
  to   space 168448K, 0% used [0x00000000eb700000,0x00000000eb700000,0x00000000f5b80000)
 ParOldGen       total 353280K, used 313932K [0x00000000a0000000, 0x00000000b5900000, 0x00000000e0000000)
  object space 353280K, 88% used [0x00000000a0000000,0x00000000b32931e0,0x00000000b5900000)
 Metaspace       used 77694K, capacity 81012K, committed 81200K, reserved 1120256K
  class space    used 9846K, capacity 10518K, committed 10544K, reserved 1048576K
}
Event: 4170.327 GC heap before
{Heap before GC invocations=48 (full 9):
 PSYoungGen      total 305152K, used 117750K [0x00000000e0000000, 0x0000000100000000, 0x0000000100000000)
  eden space 187392K, 0% used [0x00000000e0000000,0x00000000e0000000,0x00000000eb700000)
  from space 117760K, 99% used [0x00000000f8d00000,0x00000000ffffd8f0,0x0000000100000000)
  to   space 168448K, 0% used [0x00000000eb700000,0x00000000eb700000,0x00000000f5b80000)
 ParOldGen       total 353280K, used 313932K [0x00000000a0000000, 0x00000000b5900000, 0x00000000e0000000)
  object space 353280K, 88% used [0x00000000a0000000,0x00000000b32931e0,0x00000000b5900000)
 Metaspace       used 77694K, capacity 81012K, committed 81200K, reserved 1120256K
  class space    used 9846K, capacity 10518K, committed 10544K, reserved 1048576K
Event: 4172.562 GC heap after
Heap after GC invocations=48 (full 9):
 PSYoungGen      total 305152K, used 9144K [0x00000000e0000000, 0x0000000100000000, 0x0000000100000000)
  eden space 187392K, 0% used [0x00000000e0000000,0x00000000e0000000,0x00000000eb700000)
  from space 117760K, 7% used [0x00000000f8d00000,0x00000000f95ee1b0,0x0000000100000000)
  to   space 168448K, 0% used [0x00000000eb700000,0x00000000eb700000,0x00000000f5b80000)
 ParOldGen       total 563200K, used 353088K [0x00000000a0000000, 0x00000000c2600000, 0x00000000e0000000)
  object space 563200K, 62% used [0x00000000a0000000,0x00000000b58d0250,0x00000000c2600000)
 Metaspace       used 77694K, capacity 81012K, committed 81200K, reserved 1120256K
  class space    used 9846K, capacity 10518K, committed 10544K, reserved 1048576K
}
Event: 4173.256 GC heap before
{Heap before GC invocations=49 (full 9):
 PSYoungGen      total 305152K, used 196536K [0x00000000e0000000, 0x0000000100000000, 0x0000000100000000)
  eden space 187392K, 100% used [0x00000000e0000000,0x00000000eb700000,0x00000000eb700000)
  from space 117760K, 7% used [0x00000000f8d00000,0x00000000f95ee1b0,0x0000000100000000)
  to   space 168448K, 0% used [0x00000000eb700000,0x00000000eb700000,0x00000000f5b80000)
 ParOldGen       total 563200K, used 353088K [0x00000000a0000000, 0x00000000c2600000, 0x00000000e0000000)
  object space 563200K, 62% used [0x00000000a0000000,0x00000000b58d0250,0x00000000c2600000)
 Metaspace       used 77696K, capacity 81012K, committed 81200K, reserved 1120256K
  class space    used 9846K, capacity 10518K, committed 10544K, reserved 1048576K

