# JRE version: OpenJDK Runtime Environment (8.0_76-b03) (build 1.8.0_76-release-b03)
# Java VM: OpenJDK 64-Bit Server VM (25.76-b03 mixed mode windows-amd64 compressed oops)
Heap:
 PSYoungGen      total 365056K, used 364669K [0x00000000e0000000, 0x0000000100000000, 0x0000000100000000)
  eden space 258560K, 100% used [0x00000000e0000000,0x00000000efc80000,0x00000000efc80000)
  from space 106496K, 99% used [0x00000000efc80000,0x00000000f641f5a8,0x00000000f6480000)
  to   space 142848K, 0% used [0x00000000f7480000,0x00000000f7480000,0x0000000100000000)
 ParOldGen       total 482816K, used 215236K [0x00000000a0000000, 0x00000000bd780000, 0x00000000e0000000)
  object space 482816K, 44% used [0x00000000a0000000,0x00000000ad231190,0x00000000bd780000)
 Metaspace       used 70525K, capacity 73174K, committed 73392K, reserved 1114112K
  class space    used 8994K, capacity 9602K, committed 9648K, reserved 1048576K
GC Heap History (10 events):
Event: 349.506 GC heap before
{Heap before GC invocations=55 (full 8):
 PSYoungGen      total 365056K, used 247574K [0x00000000e0000000, 0x00000000ff080000, 0x0000000100000000)
  eden space 221184K, 100% used [0x00000000e0000000,0x00000000ed800000,0x00000000ed800000)
  from space 143872K, 18% used [0x00000000f6400000,0x00000000f7dc5ad8,0x00000000ff080000)
  to   space 143360K, 0% used [0x00000000ed800000,0x00000000ed800000,0x00000000f6400000)
 ParOldGen       total 482816K, used 213573K [0x00000000a0000000, 0x00000000bd780000, 0x00000000e0000000)
  object space 482816K, 44% used [0x00000000a0000000,0x00000000ad0914f0,0x00000000bd780000)
 Metaspace       used 70515K, capacity 73142K, committed 73392K, reserved 1114112K
  class space    used 8993K, capacity 9570K, committed 9648K, reserved 1048576K
Event: 349.563 GC heap after
Heap after GC invocations=55 (full 8):
 PSYoungGen      total 364544K, used 29361K [0x00000000e0000000, 0x00000000ff480000, 0x0000000100000000)
  eden space 221184K, 0% used [0x00000000e0000000,0x00000000e0000000,0x00000000ed800000)
  from space 143360K, 20% used [0x00000000ed800000,0x00000000ef4ac698,0x00000000f6400000)
  to   space 137728K, 0% used [0x00000000f6e00000,0x00000000f6e00000,0x00000000ff480000)
 ParOldGen       total 482816K, used 213581K [0x00000000a0000000, 0x00000000bd780000, 0x00000000e0000000)
  object space 482816K, 44% used [0x00000000a0000000,0x00000000ad0934f0,0x00000000bd780000)
 Metaspace       used 70515K, capacity 73142K, committed 73392K, reserved 1114112K
  class space    used 8993K, capacity 9570K, committed 9648K, reserved 1048576K
}
Event: 350.178 GC heap before
{Heap before GC invocations=56 (full 8):
 PSYoungGen      total 364544K, used 250545K [0x00000000e0000000, 0x00000000ff480000, 0x0000000100000000)
  eden space 221184K, 100% used [0x00000000e0000000,0x00000000ed800000,0x00000000ed800000)
  from space 143360K, 20% used [0x00000000ed800000,0x00000000ef4ac698,0x00000000f6400000)
  to   space 137728K, 0% used [0x00000000f6e00000,0x00000000f6e00000,0x00000000ff480000)
 ParOldGen       total 482816K, used 214164K [0x00000000a0000000, 0x00000000bd780000, 0x00000000e0000000)
  object space 482816K, 44% used [0x00000000a0000000,0x00000000ad125020,0x00000000bd780000)
 Metaspace       used 70515K, capacity 73142K, committed 73392K, reserved 1114112K
  class space    used 8993K, capacity 9570K, committed 9648K, reserved 1048576K
Event: 350.246 GC heap after
Heap after GC invocations=56 (full 8):
 PSYoungGen      total 360448K, used 49212K [0x00000000e0000000, 0x00000000fe500000, 0x0000000100000000)
  eden space 238592K, 0% used [0x00000000e0000000,0x00000000e0000000,0x00000000ee900000)
  from space 121856K, 40% used [0x00000000f6e00000,0x00000000f9e0f230,0x00000000fe500000)
  to   space 129024K, 0% used [0x00000000ee900000,0x00000000ee900000,0x00000000f6700000)
 ParOldGen       total 482816K, used 214164K [0x00000000a0000000, 0x00000000bd780000, 0x00000000e0000000)
  object space 482816K, 44% used [0x00000000a0000000,0x00000000ad125020,0x00000000bd780000)
 Metaspace       used 70515K, capacity 73142K, committed 73392K, reserved 1114112K
  class space    used 8993K, capacity 9570K, committed 9648K, reserved 1048576K
}
Event: 351.100 GC heap before
{Heap before GC invocations=57 (full 8):
 PSYoungGen      total 360448K, used 287804K [0x00000000e0000000, 0x00000000fe500000, 0x0000000100000000)
  eden space 238592K, 100% used [0x00000000e0000000,0x00000000ee900000,0x00000000ee900000)
  from space 121856K, 40% used [0x00000000f6e00000,0x00000000f9e0f230,0x00000000fe500000)
  to   space 129024K, 0% used [0x00000000ee900000,0x00000000ee900000,0x00000000f6700000)
 ParOldGen       total 482816K, used 215234K [0x00000000a0000000, 0x00000000bd780000, 0x00000000e0000000)
  object space 482816K, 44% used [0x00000000a0000000,0x00000000ad230bb8,0x00000000bd780000)
 Metaspace       used 70515K, capacity 73142K, committed 73392K, reserved 1114112K
  class space    used 8993K, capacity 9570K, committed 9648K, reserved 1048576K
Event: 351.258 GC heap after
Heap after GC invocations=57 (full 8):
 PSYoungGen      total 367616K, used 83116K [0x00000000e0000000, 0x0000000100000000, 0x0000000100000000)
  eden space 238592K, 0% used [0x00000000e0000000,0x00000000e0000000,0x00000000ee900000)
  from space 129024K, 64% used [0x00000000ee900000,0x00000000f3a2b1c0,0x00000000f6700000)
  to   space 133632K, 0% used [0x00000000f7d80000,0x00000000f7d80000,0x0000000100000000)
 ParOldGen       total 482816K, used 215234K [0x00000000a0000000, 0x00000000bd780000, 0x00000000e0000000)
  object space 482816K, 44% used [0x00000000a0000000,0x00000000ad230bb8,0x00000000bd780000)
 Metaspace       used 70515K, capacity 73142K, committed 73392K, reserved 1114112K
  class space    used 8993K, capacity 9570K, committed 9648K, reserved 1048576K
}
Event: 352.452 GC heap before
{Heap before GC invocations=58 (full 8):
 PSYoungGen      total 367616K, used 321708K [0x00000000e0000000, 0x0000000100000000, 0x0000000100000000)
  eden space 238592K, 100% used [0x00000000e0000000,0x00000000ee900000,0x00000000ee900000)
  from space 129024K, 64% used [0x00000000ee900000,0x00000000f3a2b1c0,0x00000000f6700000)
  to   space 133632K, 0% used [0x00000000f7d80000,0x00000000f7d80000,0x0000000100000000)
 ParOldGen       total 482816K, used 215236K [0x00000000a0000000, 0x00000000bd780000, 0x00000000e0000000)
  object space 482816K, 44% used [0x00000000a0000000,0x00000000ad231190,0x00000000bd780000)
 Metaspace       used 70521K, capacity 73142K, committed 73392K, reserved 1114112K
  class space    used 8993K, capacity 9570K, committed 9648K, reserved 1048576K
Event: 352.591 GC heap after
Heap after GC invocations=58 (full 8):
 PSYoungGen      total 389632K, used 69026K [0x00000000e0000000, 0x00000000ffd80000, 0x0000000100000000)
  eden space 258560K, 0% used [0x00000000e0000000,0x00000000e0000000,0x00000000efc80000)
  from space 131072K, 52% used [0x00000000f7d80000,0x00000000fc0e8ac8,0x00000000ffd80000)
  to   space 131584K, 0% used [0x00000000efc80000,0x00000000efc80000,0x00000000f7d00000)
 ParOldGen       total 482816K, used 215236K [0x00000000a0000000, 0x00000000bd780000, 0x00000000e0000000)
  object space 482816K, 44% used [0x00000000a0000000,0x00000000ad231190,0x00000000bd780000)
 Metaspace       used 70521K, capacity 73142K, committed 73392K, reserved 1114112K
  class space    used 8993K, capacity 9570K, committed 9648K, reserved 1048576K
}
Event: 353.210 GC heap before
{Heap before GC invocations=59 (full 8):
 PSYoungGen      total 389632K, used 327586K [0x00000000e0000000, 0x00000000ffd80000, 0x0000000100000000)
  eden space 258560K, 100% used [0x00000000e0000000,0x00000000efc80000,0x00000000efc80000)
  from space 131072K, 52% used [0x00000000f7d80000,0x00000000fc0e8ac8,0x00000000ffd80000)
  to   space 131584K, 0% used [0x00000000efc80000,0x00000000efc80000,0x00000000f7d00000)
 ParOldGen       total 482816K, used 215236K [0x00000000a0000000, 0x00000000bd780000, 0x00000000e0000000)
  object space 482816K, 44% used [0x00000000a0000000,0x00000000ad231190,0x00000000bd780000)
 Metaspace       used 70524K, capacity 73174K, committed 73392K, reserved 1114112K
  class space    used 8994K, capacity 9602K, committed 9648K, reserved 1048576K
Event: 353.396 GC heap after
Heap after GC invocations=59 (full 8):
 PSYoungGen      total 365056K, used 106109K [0x00000000e0000000, 0x0000000100000000, 0x0000000100000000)
  eden space 258560K, 0% used [0x00000000e0000000,0x00000000e0000000,0x00000000efc80000)
  from space 106496K, 99% used [0x00000000efc80000,0x00000000f641f5a8,0x00000000f6480000)
  to   space 142848K, 0% used [0x00000000f7480000,0x00000000f7480000,0x0000000100000000)
 ParOldGen       total 482816K, used 215236K [0x00000000a0000000, 0x00000000bd780000, 0x00000000e0000000)
  object space 482816K, 44% used [0x00000000a0000000,0x00000000ad231190,0x00000000bd780000)
 Metaspace       used 70524K, capacity 73174K, committed 73392K, reserved 1114112K
  class space    used 8994K, capacity 9602K, committed 9648K, reserved 1048576K
}

