# JRE version: OpenJDK Runtime Environment (8.0_76-b03) (build 1.8.0_76-release-b03)
# Java VM: OpenJDK 64-Bit Server VM (25.76-b03 mixed mode windows-amd64 compressed oops)
Heap:
 PSYoungGen      total 348672K, used 26997K [0x00000000e0000000, 0x00000000fff00000, 0x0000000100000000)
  eden space 175104K, 0% used [0x00000000e0000000,0x00000000e0000000,0x00000000eab00000)
  from space 173568K, 15% used [0x00000000f5580000,0x00000000f6fdd460,0x00000000fff00000)
  to   space 174080K, 0% used [0x00000000eab00000,0x00000000eab00000,0x00000000f5500000)
 ParOldGen       total 683520K, used 589337K [0x00000000a0000000, 0x00000000c9b80000, 0x00000000e0000000)
  object space 683520K, 86% used [0x00000000a0000000,0x00000000c3f86560,0x00000000c9b80000)
 Metaspace       used 64417K, capacity 66146K, committed 66432K, reserved 1107968K
  class space    used 8116K, capacity 8489K, committed 8576K, reserved 1048576K
GC Heap History (10 events):
Event: 146.173 GC heap after
Heap after GC invocations=41 (full 7):
 PSYoungGen      total 348160K, used 154711K [0x00000000e0000000, 0x0000000100000000, 0x0000000100000000)
  eden space 175104K, 0% used [0x00000000e0000000,0x00000000e0000000,0x00000000eab00000)
  from space 173056K, 89% used [0x00000000f5700000,0x00000000fee15e20,0x0000000100000000)
  to   space 174592K, 0% used [0x00000000eab00000,0x00000000eab00000,0x00000000f5580000)
 ParOldGen       total 683520K, used 418342K [0x00000000a0000000, 0x00000000c9b80000, 0x00000000e0000000)
  object space 683520K, 61% used [0x00000000a0000000,0x00000000b9889ae0,0x00000000c9b80000)
 Metaspace       used 64391K, capacity 66082K, committed 66176K, reserved 1107968K
  class space    used 8115K, capacity 8489K, committed 8576K, reserved 1048576K
}
Event: 146.714 GC heap before
{Heap before GC invocations=42 (full 7):
 PSYoungGen      total 348160K, used 329815K [0x00000000e0000000, 0x0000000100000000, 0x0000000100000000)
  eden space 175104K, 100% used [0x00000000e0000000,0x00000000eab00000,0x00000000eab00000)
  from space 173056K, 89% used [0x00000000f5700000,0x00000000fee15e20,0x0000000100000000)
  to   space 174592K, 0% used [0x00000000eab00000,0x00000000eab00000,0x00000000f5580000)
 ParOldGen       total 683520K, used 418342K [0x00000000a0000000, 0x00000000c9b80000, 0x00000000e0000000)
  object space 683520K, 61% used [0x00000000a0000000,0x00000000b9889ae0,0x00000000c9b80000)
 Metaspace       used 64402K, capacity 66082K, committed 66176K, reserved 1107968K
  class space    used 8116K, capacity 8489K, committed 8576K, reserved 1048576K
Event: 146.870 GC heap after
Heap after GC invocations=42 (full 7):
 PSYoungGen      total 349696K, used 79388K [0x00000000e0000000, 0x0000000100000000, 0x0000000100000000)
  eden space 175104K, 0% used [0x00000000e0000000,0x00000000e0000000,0x00000000eab00000)
  from space 174592K, 45% used [0x00000000eab00000,0x00000000ef887010,0x00000000f5580000)
  to   space 174592K, 0% used [0x00000000f5580000,0x00000000f5580000,0x0000000100000000)
 ParOldGen       total 683520K, used 513072K [0x00000000a0000000, 0x00000000c9b80000, 0x00000000e0000000)
  object space 683520K, 75% used [0x00000000a0000000,0x00000000bf50c358,0x00000000c9b80000)
 Metaspace       used 64402K, capacity 66082K, committed 66176K, reserved 1107968K
  class space    used 8116K, capacity 8489K, committed 8576K, reserved 1048576K
}
Event: 147.658 GC heap before
{Heap before GC invocations=43 (full 7):
 PSYoungGen      total 349696K, used 254492K [0x00000000e0000000, 0x0000000100000000, 0x0000000100000000)
  eden space 175104K, 100% used [0x00000000e0000000,0x00000000eab00000,0x00000000eab00000)
  from space 174592K, 45% used [0x00000000eab00000,0x00000000ef887010,0x00000000f5580000)
  to   space 174592K, 0% used [0x00000000f5580000,0x00000000f5580000,0x0000000100000000)
 ParOldGen       total 683520K, used 513072K [0x00000000a0000000, 0x00000000c9b80000, 0x00000000e0000000)
  object space 683520K, 75% used [0x00000000a0000000,0x00000000bf50c358,0x00000000c9b80000)
 Metaspace       used 64411K, capacity 66146K, committed 66432K, reserved 1107968K
  class space    used 8116K, capacity 8489K, committed 8576K, reserved 1048576K
Event: 147.740 GC heap after
Heap after GC invocations=43 (full 7):
 PSYoungGen      total 349696K, used 37570K [0x00000000e0000000, 0x0000000100000000, 0x0000000100000000)
  eden space 175104K, 0% used [0x00000000e0000000,0x00000000e0000000,0x00000000eab00000)
  from space 174592K, 21% used [0x00000000f5580000,0x00000000f7a30998,0x0000000100000000)
  to   space 174592K, 0% used [0x00000000eab00000,0x00000000eab00000,0x00000000f5580000)
 ParOldGen       total 683520K, used 542679K [0x00000000a0000000, 0x00000000c9b80000, 0x00000000e0000000)
  object space 683520K, 79% used [0x00000000a0000000,0x00000000c11f5eb8,0x00000000c9b80000)
 Metaspace       used 64411K, capacity 66146K, committed 66432K, reserved 1107968K
  class space    used 8116K, capacity 8489K, committed 8576K, reserved 1048576K
}
Event: 148.276 GC heap before
{Heap before GC invocations=44 (full 7):
 PSYoungGen      total 349696K, used 212674K [0x00000000e0000000, 0x0000000100000000, 0x0000000100000000)
  eden space 175104K, 100% used [0x00000000e0000000,0x00000000eab00000,0x00000000eab00000)
  from space 174592K, 21% used [0x00000000f5580000,0x00000000f7a30998,0x0000000100000000)
  to   space 174592K, 0% used [0x00000000eab00000,0x00000000eab00000,0x00000000f5580000)
 ParOldGen       total 683520K, used 542679K [0x00000000a0000000, 0x00000000c9b80000, 0x00000000e0000000)
  object space 683520K, 79% used [0x00000000a0000000,0x00000000c11f5eb8,0x00000000c9b80000)
 Metaspace       used 64415K, capacity 66146K, committed 66432K, reserved 1107968K
  class space    used 8116K, capacity 8489K, committed 8576K, reserved 1048576K
Event: 148.345 GC heap after
Heap after GC invocations=44 (full 7):
 PSYoungGen      total 349696K, used 16549K [0x00000000e0000000, 0x0000000100000000, 0x0000000100000000)
  eden space 175104K, 0% used [0x00000000e0000000,0x00000000e0000000,0x00000000eab00000)
  from space 174592K, 9% used [0x00000000eab00000,0x00000000ebb294f0,0x00000000f5580000)
  to   space 174592K, 0% used [0x00000000f5580000,0x00000000f5580000,0x0000000100000000)
 ParOldGen       total 683520K, used 576030K [0x00000000a0000000, 0x00000000c9b80000, 0x00000000e0000000)
  object space 683520K, 84% used [0x00000000a0000000,0x00000000c32879d8,0x00000000c9b80000)
 Metaspace       used 64415K, capacity 66146K, committed 66432K, reserved 1107968K
  class space    used 8116K, capacity 8489K, committed 8576K, reserved 1048576K
}
Event: 148.760 GC heap before
{Heap before GC invocations=45 (full 7):
 PSYoungGen      total 349696K, used 191653K [0x00000000e0000000, 0x0000000100000000, 0x0000000100000000)
  eden space 175104K, 100% used [0x00000000e0000000,0x00000000eab00000,0x00000000eab00000)
  from space 174592K, 9% used [0x00000000eab00000,0x00000000ebb294f0,0x00000000f5580000)
  to   space 174592K, 0% used [0x00000000f5580000,0x00000000f5580000,0x0000000100000000)
 ParOldGen       total 683520K, used 576030K [0x00000000a0000000, 0x00000000c9b80000, 0x00000000e0000000)
  object space 683520K, 84% used [0x00000000a0000000,0x00000000c32879d8,0x00000000c9b80000)
 Metaspace       used 64417K, capacity 66146K, committed 66432K, reserved 1107968K
  class space    used 8116K, capacity 8489K, committed 8576K, reserved 1048576K
Event: 148.820 GC heap after
Heap after GC invocations=45 (full 7):
 PSYoungGen      total 348672K, used 26997K [0x00000000e0000000, 0x00000000fff00000, 0x0000000100000000)
  eden space 175104K, 0% used [0x00000000e0000000,0x00000000e0000000,0x00000000eab00000)
  from space 173568K, 15% used [0x00000000f5580000,0x00000000f6fdd460,0x00000000fff00000)
  to   space 174080K, 0% used [0x00000000eab00000,0x00000000eab00000,0x00000000f5500000)
 ParOldGen       total 683520K, used 589337K [0x00000000a0000000, 0x00000000c9b80000, 0x00000000e0000000)
  object space 683520K, 86% used [0x00000000a0000000,0x00000000c3f86560,0x00000000c9b80000)
 Metaspace       used 64417K, capacity 66146K, committed 66432K, reserved 1107968K
  class space    used 8116K, capacity 8489K, committed 8576K, reserved 1048576K
}
Event: 148.820 GC heap before
{Heap before GC invocations=46 (full 8):
 PSYoungGen      total 348672K, used 26997K [0x00000000e0000000, 0x00000000fff00000, 0x0000000100000000)
  eden space 175104K, 0% used [0x00000000e0000000,0x00000000e0000000,0x00000000eab00000)
  from space 173568K, 15% used [0x00000000f5580000,0x00000000f6fdd460,0x00000000fff00000)
  to   space 174080K, 0% used [0x00000000eab00000,0x00000000eab00000,0x00000000f5500000)
 ParOldGen       total 683520K, used 589337K [0x00000000a0000000, 0x00000000c9b80000, 0x00000000e0000000)
  object space 683520K, 86% used [0x00000000a0000000,0x00000000c3f86560,0x00000000c9b80000)
 Metaspace       used 64417K, capacity 66146K, committed 66432K, reserved 1107968K
  class space    used 8116K, capacity 8489K, committed 8576K, reserved 1048576K

